# JRE version: Java(TM) SE Runtime Environment (26.0.1+8) (build 26.0.1+8-34)
# Java VM: Java HotSpot(TM) 64-Bit Server VM (26.0.1+8-34, mixed mode, emulated-client, sharing, tiered, compressed oops, compressed class ptrs, g1 gc, windows-amd64)
GC Precious Log:
 CardTable entry size: 512
 Card Set container configuration: InlinePtr #cards 4 size 8 Array Of Cards #cards 16 size 48 Howl #buckets 8 coarsen threshold 3686 Howl Bitmap #cards 512 size 80 coarsen threshold 460 Card regions per heap region 1 cards per card region 4096
 CPUs: 12 total, 12 available
 Memory: 16088M
 Large Page Support: Disabled
 NUMA Support: Disabled
 Compressed Oops: Enabled (Zero based)
 Heap Region Size: 2M
 Heap Min Capacity: 8M
 Heap Initial Capacity: 8M
 Heap Max Capacity: 4024M
 Pre-touch: Disabled
 Parallel Workers: 10
 Concurrent Workers: 3
 Concurrent Refinement Workers: 10
 Periodic GC: Disabled
Heap:
 garbage-first heap   total reserved 4120576K, committed 36864K, used 10041K [0x0000000704800000, 0x0000000800000000)
  region size 2M, 0 eden (0M), 2 survivor (4M), 5 old (10M), 0 humongous (0M), 11 free (22M)
GC Heap Usage History (13 events):
Event: 0.193 {heap Before GC invocations=0 (full 0):
 garbage-first heap   total reserved 4120576K, committed 10240K, used 3235K [0x0000000704800000, 0x0000000800000000)
  region size 2M, 2 eden (4M), 0 survivor (0M), 1 old (2M), 0 humongous (0M), 2 free (4M)
}
Event: 0.196 {heap After GC invocations=1 (full 0):
 garbage-first heap   total reserved 4120576K, committed 10240K, used 3275K [0x0000000704800000, 0x0000000800000000)
  region size 2M, 0 eden (0M), 1 survivor (2M), 2 old (4M), 0 humongous (0M), 2 free (4M)
}
Event: 0.326 {heap Before GC invocations=1 (full 0):
 garbage-first heap   total reserved 4120576K, committed 10240K, used 5323K [0x0000000704800000, 0x0000000800000000)
  region size 2M, 1 eden (2M), 1 survivor (2M), 2 old (4M), 0 humongous (0M), 1 free (2M)
}
Event: 0.331 {heap After GC invocations=2 (full 0):
 garbage-first heap   total reserved 4120576K, committed 12288K, used 4212K [0x0000000704800000, 0x0000000800000000)
  region size 2M, 0 eden (0M), 1 survivor (2M), 3 old (6M), 0 humongous (0M), 2 free (4M)
}
Event: 0.404 {heap Before GC invocations=2 (full 0):
 garbage-first heap   total reserved 4120576K, committed 12288K, used 4212K [0x0000000704800000, 0x0000000800000000)
  region size 2M, 1 eden (2M), 1 survivor (2M), 3 old (6M), 0 humongous (0M), 1 free (2M)
}
Event: 0.407 {heap After GC invocations=3 (full 0):
 garbage-first heap   total reserved 4120576K, committed 36864K, used 4417K [0x0000000704800000, 0x0000000800000000)
  region size 2M, 0 eden (0M), 1 survivor (2M), 3 old (6M), 0 humongous (0M), 14 free (28M)
}
Event: 0.864 {heap Before GC invocations=3 (full 0):
 garbage-first heap   total reserved 4120576K, committed 36864K, used 16705K [0x0000000704800000, 0x0000000800000000)
  region size 2M, 7 eden (14M), 1 survivor (2M), 3 old (6M), 0 humongous (0M), 7 free (14M)
}
Event: 0.870 {heap After GC invocations=4 (full 0):
 garbage-first heap   total reserved 4120576K, committed 36864K, used 6326K [0x0000000704800000, 0x0000000800000000)
  region size 2M, 0 eden (0M), 1 survivor (2M), 3 old (6M), 0 humongous (0M), 14 free (28M)
}
Event: 1.440 {heap Before GC invocations=4 (full 0):
 garbage-first heap   total reserved 4120576K, committed 36864K, used 24758K [0x0000000704800000, 0x0000000800000000)
  region size 2M, 9 eden (18M), 1 survivor (2M), 3 old (6M), 0 humongous (0M), 5 free (10M)
}
Event: 1.449 {heap After GC invocations=5 (full 0):
 garbage-first heap   total reserved 4120576K, committed 36864K, used 7915K [0x0000000704800000, 0x0000000800000000)
  region size 2M, 0 eden (0M), 2 survivor (4M), 3 old (6M), 0 humongous (0M), 13 free (26M)
}
Event: 1.655 {heap Before GC invocations=5 (full 0):
 garbage-first heap   total reserved 4120576K, committed 36864K, used 22251K [0x0000000704800000, 0x0000000800000000)
  region size 2M, 8 eden (16M), 2 survivor (4M), 3 old (6M), 0 humongous (0M), 5 free (10M)
}
Event: 1.660 {heap After GC invocations=6 (full 0):
 garbage-first heap   total reserved 4120576K, committed 36864K, used 11027K [0x0000000704800000, 0x0000000800000000)
  region size 2M, 0 eden (0M), 2 survivor (4M), 5 old (10M), 0 humongous (0M), 11 free (22M)
}
Event: 1.904 {heap Before GC invocations=6 (full 0):
 garbage-first heap   total reserved 4120576K, committed 36864K, used 27411K [0x0000000704800000, 0x0000000800000000)
  region size 2M, 8 eden (16M), 2 survivor (4M), 5 old (10M), 0 humongous (0M), 3 free (6M)
}

